5944: spawnID            2  MASTER is DONE. 
5946: spawnID           2 FINISHING with spawnIDlocal winner            0
6092: spawnID            1  MASTER is DONE. 
6099: spawnID           1 FINISHING with spawnIDlocal winner            2
6184: spawnID            3  MASTER is DONE. 
6189: spawnID           3 FINISHING with spawnIDlocal winner            1
6265: spawnID            4  MASTER is DONE. 
6268: spawnID           4 FINISHING with spawnIDlocal winner            1
6463: spawnID            5  MASTER is DONE. 
6469: spawnID           5 FINISHING with spawnIDlocal winner            1
6533: spawnID            6  MASTER is DONE. 
6538: spawnID           6 FINISHING with spawnIDlocal winner            1
6619: spawnID            8  MASTER is DONE. 
6623: spawnID           8 FINISHING with spawnIDlocal winner            1
7033: spawnID           18  MASTER is DONE. 
7040: spawnID          18 FINISHING with spawnIDlocal winner            1
7084: spawnID           22  MASTER is DONE. 
7089: spawnID          22 FINISHING with spawnIDlocal winner            1
7149: spawnID           11  MASTER is DONE. 
7157: spawnID          11 FINISHING with spawnIDlocal winner            1
7305: spawnID           21  MASTER is DONE. 
7306: spawnID          21 FINISHING with spawnIDlocal winner            1
7342: spawnID            9  MASTER is DONE. 
7354: spawnID           9 FINISHING with spawnIDlocal winner            1
7447: spawnID           10  MASTER is DONE. 
7481: spawnID           17  MASTER is DONE. 
7483: spawnID          10 FINISHING with spawnIDlocal winner            1
7490: spawnID          17 FINISHING with spawnIDlocal winner            1
7580: spawnID           20  MASTER is DONE. 
7613: spawnID           15  MASTER is DONE. 
7616: spawnID          20 FINISHING with spawnIDlocal winner            1
7619: spawnID          15 FINISHING with spawnIDlocal winner            1
7658: spawnID           23  MASTER is DONE. 
7660: spawnID          23 FINISHING with spawnIDlocal winner            1
7738: spawnID           24  MASTER is DONE. 
7740: spawnID          24 FINISHING with spawnIDlocal winner            1
7783: spawnID           12  MASTER is DONE. 
7786: spawnID          12 FINISHING with spawnIDlocal winner            1
7824: spawnID           28  MASTER is DONE. 
7825: spawnID          28 FINISHING with spawnIDlocal winner            1
8197: spawnID           26  MASTER is DONE. 
8200: spawnID          26 FINISHING with spawnIDlocal winner            1
8277: spawnID           25  MASTER is DONE. 
8278: spawnID          25 FINISHING with spawnIDlocal winner            1
8350: spawnID           13  MASTER is DONE. 
8391: spawnID          13 FINISHING with spawnIDlocal winner            1
8483: spawnID           53  MASTER is DONE. 
8490: spawnID           36  MASTER is DONE. 
8491: spawnID           39  MASTER is DONE. 
8493: spawnID           52  MASTER is DONE. 
8499: spawnID           42  MASTER is DONE. 
8500: spawnID           44  MASTER is DONE. 
8501: spawnID          53 FINISHING with spawnIDlocal winner            1
8503: spawnID           58  MASTER is DONE. 
8504: spawnID           57  MASTER is DONE. 
8505: spawnID          36 FINISHING with spawnIDlocal winner            1
8507: spawnID           43  MASTER is DONE. 
8509: spawnID           37  MASTER is DONE. 
8510: spawnID           55  MASTER is DONE. 
8511: spawnID          52 FINISHING with spawnIDlocal winner            1
8515: spawnID          39 FINISHING with spawnIDlocal winner            1
8517: spawnID           56  MASTER is DONE. 
8518: spawnID           49  MASTER is DONE. 
8519: spawnID          57 FINISHING with spawnIDlocal winner            1
8521: spawnID          58 FINISHING with spawnIDlocal winner            1
8523: spawnID          37 FINISHING with spawnIDlocal winner            1
8525: spawnID           33  MASTER is DONE. 
8526: spawnID           45  MASTER is DONE. 
8527: spawnID          43 FINISHING with spawnIDlocal winner            1
8529: spawnID           48  MASTER is DONE. 
8530: spawnID           40  MASTER is DONE. 
8531: spawnID          44 FINISHING with spawnIDlocal winner            1
8533: spawnID          55 FINISHING with spawnIDlocal winner            1
8535: spawnID          42 FINISHING with spawnIDlocal winner            1
8537: spawnID          56 FINISHING with spawnIDlocal winner            1
8540: spawnID           51  MASTER is DONE. 
8541: spawnID          45 FINISHING with spawnIDlocal winner            1
8543: spawnID          40 FINISHING with spawnIDlocal winner            1
8546: spawnID          33 FINISHING with spawnIDlocal winner            1
8548: spawnID           35  MASTER is DONE. 
8549: spawnID          48 FINISHING with spawnIDlocal winner            1
8551: spawnID           34  MASTER is DONE. 
8552: spawnID          49 FINISHING with spawnIDlocal winner            1
8560: spawnID          34 FINISHING with spawnIDlocal winner            1
8562: spawnID          51 FINISHING with spawnIDlocal winner            1
8564: spawnID           47  MASTER is DONE. 
8566: spawnID           46  MASTER is DONE. 
8569: spawnID           50  MASTER is DONE. 
8570: spawnID          35 FINISHING with spawnIDlocal winner            1
8574: spawnID           41  MASTER is DONE. 
8575: spawnID          41 FINISHING with spawnIDlocal winner            1
8577: spawnID          46 FINISHING with spawnIDlocal winner            1
8580: spawnID          50 FINISHING with spawnIDlocal winner            1
8582: spawnID           59  MASTER is DONE. 
8583: spawnID          47 FINISHING with spawnIDlocal winner            1
8585: spawnID          59 FINISHING with spawnIDlocal winner            0
8593: spawnID           38  MASTER is DONE. 
8596: spawnID          38 FINISHING with spawnIDlocal winner            1
8641: spawnID           29  MASTER is DONE. 
8677: spawnID           27  MASTER is DONE. 
8680: spawnID          27 FINISHING with spawnIDlocal winner            1
8682: spawnID          29 FINISHING with spawnIDlocal winner            1
8777: spawnID           31  MASTER is DONE. 
8778: spawnID          31 FINISHING with spawnIDlocal winner            1
8840: spawnID           32  MASTER is DONE. 
8845: spawnID          32 FINISHING with spawnIDlocal winner            2
8919: spawnID           30  MASTER is DONE. 
8921: spawnID          30 FINISHING with spawnIDlocal winner            1
8962: spawnID           19  MASTER is DONE. 
8964: spawnID          19 FINISHING with spawnIDlocal winner            1
8998: spawnID           60  MASTER is DONE. 
9005: spawnID          60 FINISHING with spawnIDlocal winner            1
9175: spawnID           65  MASTER is DONE. 
9182: spawnID          65 FINISHING with spawnIDlocal winner            0
9306: spawnID           64  MASTER is DONE. 
9312: spawnID          64 FINISHING with spawnIDlocal winner            2
9382: spawnID           61  MASTER is DONE. 
9389: spawnID          61 FINISHING with spawnIDlocal winner            1
9448: spawnID           63  MASTER is DONE. 
9454: spawnID          63 FINISHING with spawnIDlocal winner            1
9498: spawnID           72  MASTER is DONE. 
9531: spawnID           62  MASTER is DONE. 
9535: spawnID          72 FINISHING with spawnIDlocal winner            1
9540: spawnID          62 FINISHING with spawnIDlocal winner            1
9653: spawnID           69  MASTER is DONE. 
9655: spawnID          69 FINISHING with spawnIDlocal winner            1
9689: spawnID          66 FINISHING with spawnIDlocal winner            1
9691: spawnID           66  MASTER is DONE. 
9749: spawnID           68  MASTER is DONE. 
9750: spawnID          68 FINISHING with spawnIDlocal winner            1
10541: spawnID          119  MASTER is DONE. 
10549: spawnID         119 FINISHING with spawnIDlocal winner            1
10626: spawnID           80  MASTER is DONE. 
10636: spawnID          80 FINISHING with spawnIDlocal winner            1
10705: spawnID          109  MASTER is DONE. 
10756: spawnID         109 FINISHING with spawnIDlocal winner            1
10775: spawnID          114  MASTER is DONE. 
10781: spawnID         114 FINISHING with spawnIDlocal winner            1
11110: spawnID           76  MASTER is DONE. 
11132: spawnID          76 FINISHING with spawnIDlocal winner            1
11341: spawnID           77  MASTER is DONE. 
11351: spawnID          77 FINISHING with spawnIDlocal winner            1
11415: spawnID          115  MASTER is DONE. 
11433: spawnID         115 FINISHING with spawnIDlocal winner            1
11499: spawnID          103  MASTER is DONE. 
11524: spawnID         103 FINISHING with spawnIDlocal winner            1
11636: spawnID          122  MASTER is DONE. 
11653: spawnID         122 FINISHING with spawnIDlocal winner            1
11720: spawnID          104  MASTER is DONE. 
11770: spawnID           74  MASTER is DONE. 
11815: spawnID          123  MASTER is DONE. 
11818: spawnID          74 FINISHING with spawnIDlocal winner            1
11836: spawnID         123 FINISHING with spawnIDlocal winner            1
11851: spawnID         104 FINISHING with spawnIDlocal winner            1
11907: spawnID          113  MASTER is DONE. 
11927: spawnID         113 FINISHING with spawnIDlocal winner            1
12009: spawnID           79  MASTER is DONE. 
12046: spawnID           71  MASTER is DONE. 
12051: spawnID          79 FINISHING with spawnIDlocal winner            1
12069: spawnID          71 FINISHING with spawnIDlocal winner            1
12154: spawnID           81  MASTER is DONE. 
12155: spawnID          81 FINISHING with spawnIDlocal winner            1
12235: spawnID           73  MASTER is DONE. 
12239: spawnID          73 FINISHING with spawnIDlocal winner            1
12287: spawnID          118  MASTER is DONE. 
12329: spawnID          116  MASTER is DONE. 
12341: spawnID         118 FINISHING with spawnIDlocal winner            1
12355: spawnID         116 FINISHING with spawnIDlocal winner            1
12462: spawnID          105  MASTER is DONE. 
12479: spawnID         105 FINISHING with spawnIDlocal winner            1
12606: spawnID           78  MASTER is DONE. 
12612: spawnID          78 FINISHING with spawnIDlocal winner            1
12660: spawnID          102  MASTER is DONE. 
12704: spawnID          106  MASTER is DONE. 
12740: spawnID         102 FINISHING with spawnIDlocal winner            1
12759: spawnID          110  MASTER is DONE. 
12762: spawnID         106 FINISHING with spawnIDlocal winner            1
12793: spawnID         110 FINISHING with spawnIDlocal winner            1
12892: spawnID           86  MASTER is DONE. 
12934: spawnID           90  MASTER is DONE. 
12944: spawnID          90 FINISHING with spawnIDlocal winner            1
12961: spawnID          86 FINISHING with spawnIDlocal winner            1
13082: spawnID          120  MASTER is DONE. 
13120: spawnID           98  MASTER is DONE. 
13127: spawnID         120 FINISHING with spawnIDlocal winner            1
13161: spawnID          98 FINISHING with spawnIDlocal winner            1
13210: spawnID           89  MASTER is DONE. 
13215: spawnID          89 FINISHING with spawnIDlocal winner            1
13287: spawnID          100  MASTER is DONE. 
13330: spawnID          101  MASTER is DONE. 
13333: spawnID         100 FINISHING with spawnIDlocal winner            1
13348: spawnID         101 FINISHING with spawnIDlocal winner            1
13412: spawnID           91  MASTER is DONE. 
13455: spawnID           83  MASTER is DONE. 
13457: spawnID          91 FINISHING with spawnIDlocal winner            1
13473: spawnID          83 FINISHING with spawnIDlocal winner            1
13574: spawnID           97  MASTER is DONE. 
13587: spawnID          97 FINISHING with spawnIDlocal winner            1
13645: spawnID          82 FINISHING with spawnIDlocal winner            1
13647: spawnID           82  MASTER is DONE. 
13700: spawnID          111  MASTER is DONE. 
13745: spawnID          108  MASTER is DONE. 
13754: spawnID         108 FINISHING with spawnIDlocal winner            1
13772: spawnID         111 FINISHING with spawnIDlocal winner            1
13902: spawnID           99  MASTER is DONE. 
13911: spawnID          99 FINISHING with spawnIDlocal winner            1
13982: spawnID          107  MASTER is DONE. 
13991: spawnID         107 FINISHING with spawnIDlocal winner            1
14075: spawnID          124  MASTER is DONE. 
14078: spawnID         124 FINISHING with spawnIDlocal winner            1
14161: spawnID           92  MASTER is DONE. 
14198: spawnID           96  MASTER is DONE. 
14203: spawnID          92 FINISHING with spawnIDlocal winner            1
14247: spawnID          117  MASTER is DONE. 
14248: spawnID          96 FINISHING with spawnIDlocal winner            1
14265: spawnID         117 FINISHING with spawnIDlocal winner            1
14311: spawnID           94  MASTER is DONE. 
14326: spawnID          94 FINISHING with spawnIDlocal winner            1
14417: spawnID           93  MASTER is DONE. 
14421: spawnID          93 FINISHING with spawnIDlocal winner            1
14486: spawnID          125  MASTER is DONE. 
14511: spawnID         125 FINISHING with spawnIDlocal winner            1
14635: spawnID          121  MASTER is DONE. 
14651: spawnID         121 FINISHING with spawnIDlocal winner            1
14834: spawnID          131  MASTER is DONE. 
14843: spawnID         131 FINISHING with spawnIDlocal winner            1
15013: spawnID           87  MASTER is DONE. 
15045: spawnID          129  MASTER is DONE. 
15056: spawnID         129 FINISHING with spawnIDlocal winner            1
15075: spawnID          87 FINISHING with spawnIDlocal winner            1
15329: spawnID          130  MASTER is DONE. 
15363: spawnID          133  MASTER is DONE. 
15369: spawnID         133 FINISHING with spawnIDlocal winner            1
15383: spawnID         130 FINISHING with spawnIDlocal winner            1
15611: spawnID          141  MASTER is DONE. 
15615: spawnID         141 FINISHING with spawnIDlocal winner            1
15665: spawnID          134  MASTER is DONE. 
15690: spawnID         134 FINISHING with spawnIDlocal winner            1
15866: spawnID           85  MASTER is DONE. 
15880: spawnID          85 FINISHING with spawnIDlocal winner            1
15999: spawnID          146  MASTER is DONE. 
16030: spawnID          128  MASTER is DONE. 
16032: spawnID         146 FINISHING with spawnIDlocal winner            1
16052: spawnID         128 FINISHING with spawnIDlocal winner            1
16201: spawnID          138  MASTER is DONE. 
16233: spawnID          137  MASTER is DONE. 
16245: spawnID         137 FINISHING with spawnIDlocal winner            1
16264: spawnID         138 FINISHING with spawnIDlocal winner            1
16310: spawnID          126  MASTER is DONE. 
16319: spawnID         126 FINISHING with spawnIDlocal winner            1
16369: spawnID          148  MASTER is DONE. 
16379: spawnID         148 FINISHING with spawnIDlocal winner            1
16466: spawnID          145  MASTER is DONE. 
16477: spawnID         145 FINISHING with spawnIDlocal winner            1
16594: spawnID          139  MASTER is DONE. 
16627: spawnID          143  MASTER is DONE. 
16634: spawnID         139 FINISHING with spawnIDlocal winner            1
16653: spawnID         143 FINISHING with spawnIDlocal winner            1
16712: spawnID          140  MASTER is DONE. 
16723: spawnID         140 FINISHING with spawnIDlocal winner            1
16780: spawnID          147  MASTER is DONE. 
16796: spawnID         147 FINISHING with spawnIDlocal winner            1
16940: spawnID          150  MASTER is DONE. 
16955: spawnID         150 FINISHING with spawnIDlocal winner            1
17047: spawnID          151  MASTER is DONE. 
17053: spawnID         151 FINISHING with spawnIDlocal winner            1
17107: spawnID          132  MASTER is DONE. 
17115: spawnID         132 FINISHING with spawnIDlocal winner            1
17213: spawnID          135  MASTER is DONE. 
17218: spawnID         135 FINISHING with spawnIDlocal winner            1
17335: spawnID          152  MASTER is DONE. 
17346: spawnID         152 FINISHING with spawnIDlocal winner            1
17466: spawnID          157  MASTER is DONE. 
17498: spawnID          156  MASTER is DONE. 
17506: spawnID         156 FINISHING with spawnIDlocal winner            1
17533: spawnID         157 FINISHING with spawnIDlocal winner            1
17647: spawnID          154  MASTER is DONE. 
17661: spawnID         154 FINISHING with spawnIDlocal winner            1
17831: spawnID          158  MASTER is DONE. 
17854: spawnID         158 FINISHING with spawnIDlocal winner            1
17900: spawnID          149  MASTER is DONE. 
17936: spawnID         149 FINISHING with spawnIDlocal winner            1
17981: spawnID         153 FINISHING with spawnIDlocal winner            1
17984: spawnID          153  MASTER is DONE. 
18116: spawnID          161  MASTER is DONE. 
18159: spawnID          155  MASTER is DONE. 
18163: spawnID         161 FINISHING with spawnIDlocal winner            1
18178: spawnID         155 FINISHING with spawnIDlocal winner            1
18325: spawnID          160  MASTER is DONE. 
18335: spawnID         160 FINISHING with spawnIDlocal winner            1
18424: spawnID          163  MASTER is DONE. 
18441: spawnID         163 FINISHING with spawnIDlocal winner            1
18556: spawnID          159  MASTER is DONE. 
18566: spawnID         159 FINISHING with spawnIDlocal winner            1
18731: spawnID          169  MASTER is DONE. 
18767: spawnID          165  MASTER is DONE. 
18768: spawnID         169 FINISHING with spawnIDlocal winner            1
18790: spawnID         165 FINISHING with spawnIDlocal winner            1
18854: spawnID          164  MASTER is DONE. 
18873: spawnID         164 FINISHING with spawnIDlocal winner            1
19118: spawnID          173  MASTER is DONE. 
19134: spawnID         173 FINISHING with spawnIDlocal winner            1
19191: spawnID          166  MASTER is DONE. 
19207: spawnID         166 FINISHING with spawnIDlocal winner            1
19362: spawnID          168  MASTER is DONE. 
19397: spawnID          162  MASTER is DONE. 
19402: spawnID         168 FINISHING with spawnIDlocal winner            1
19427: spawnID         162 FINISHING with spawnIDlocal winner            1
19489: spawnID         174 FINISHING with spawnIDlocal winner            1
19492: spawnID          174  MASTER is DONE. 
19629: spawnID          144  MASTER is DONE. 
19640: spawnID         144 FINISHING with spawnIDlocal winner            1
19771: spawnID          176  MASTER is DONE. 
19781: spawnID         176 FINISHING with spawnIDlocal winner            1
19910: spawnID          177  MASTER is DONE. 
19926: spawnID         177 FINISHING with spawnIDlocal winner            1
20080: spawnID          170  MASTER is DONE. 
20086: spawnID         170 FINISHING with spawnIDlocal winner            1
20159: spawnID          175  MASTER is DONE. 
20167: spawnID         175 FINISHING with spawnIDlocal winner            1
20236: spawnID          185  MASTER is DONE. 
20249: spawnID         185 FINISHING with spawnIDlocal winner            1
20513: spawnID          184  MASTER is DONE. 
20518: spawnID         184 FINISHING with spawnIDlocal winner            1
20608: spawnID          188  MASTER is DONE. 
20614: spawnID         188 FINISHING with spawnIDlocal winner            1
20685: spawnID          186  MASTER is DONE. 
20692: spawnID         186 FINISHING with spawnIDlocal winner            1
20809: spawnID          171  MASTER is DONE. 
20815: spawnID         171 FINISHING with spawnIDlocal winner            1
20987: spawnID          190  MASTER is DONE. 
21000: spawnID         190 FINISHING with spawnIDlocal winner            1
21085: spawnID          187  MASTER is DONE. 
21108: spawnID         187 FINISHING with spawnIDlocal winner            1
21169: spawnID          195  MASTER is DONE. 
21170: spawnID         195 FINISHING with spawnIDlocal winner            1
21243: spawnID          196  MASTER is DONE. 
21247: spawnID         196 FINISHING with spawnIDlocal winner            1
21354: spawnID          180  MASTER is DONE. 
21398: spawnID          179  MASTER is DONE. 
21406: spawnID         180 FINISHING with spawnIDlocal winner            1
21420: spawnID         179 FINISHING with spawnIDlocal winner            1
21498: spawnID          181  MASTER is DONE. 
21501: spawnID         181 FINISHING with spawnIDlocal winner            1
21615: spawnID          193  MASTER is DONE. 
21621: spawnID         193 FINISHING with spawnIDlocal winner            1
21680: spawnID          191  MASTER is DONE. 
21715: spawnID          192  MASTER is DONE. 
21721: spawnID         191 FINISHING with spawnIDlocal winner            1
21741: spawnID         192 FINISHING with spawnIDlocal winner            1
22114: spawnID          182  MASTER is DONE. 
22124: spawnID         182 FINISHING with spawnIDlocal winner            1
22376: spawnID          198  MASTER is DONE. 
22386: spawnID         198 FINISHING with spawnIDlocal winner            1
22527: spawnID          201  MASTER is DONE. 
22541: spawnID         201 FINISHING with spawnIDlocal winner            1
22662: spawnID          202  MASTER is DONE. 
22680: spawnID         202 FINISHING with spawnIDlocal winner            1
22797: spawnID         204 FINISHING with spawnIDlocal winner            1
22801: spawnID          204  MASTER is DONE. 
22875: spawnID          209  MASTER is DONE. 
22878: spawnID          203  MASTER is DONE. 
22879: spawnID         203 FINISHING with spawnIDlocal winner            1
22896: spawnID         209 FINISHING with spawnIDlocal winner            1
22952: spawnID          200  MASTER is DONE. 
22959: spawnID         200 FINISHING with spawnIDlocal winner            1
23179: spawnID          205  MASTER is DONE. 
23191: spawnID         205 FINISHING with spawnIDlocal winner            1
23465: spawnID          212  MASTER is DONE. 
23467: spawnID         212 FINISHING with spawnIDlocal winner            1
23566: spawnID          211  MASTER is DONE. 
23572: spawnID         211 FINISHING with spawnIDlocal winner            1
23671: spawnID          206  MASTER is DONE. 
23680: spawnID         206 FINISHING with spawnIDlocal winner            1
23742: spawnID          208  MASTER is DONE. 
23749: spawnID         208 FINISHING with spawnIDlocal winner            1
24009: spawnID          213  MASTER is DONE. 
24017: spawnID         213 FINISHING with spawnIDlocal winner            1
24396: spawnID          215  MASTER is DONE. 
24398: spawnID         215 FINISHING with spawnIDlocal winner            1
24613: spawnID          218  MASTER is DONE. 
24652: spawnID         218 FINISHING with spawnIDlocal winner            1
24670: spawnID          214  MASTER is DONE. 
24671: spawnID         214 FINISHING with spawnIDlocal winner            1
24758: spawnID          219  MASTER is DONE. 
24765: spawnID         219 FINISHING with spawnIDlocal winner            1
24821: spawnID          220  MASTER is DONE. 
24833: spawnID         220 FINISHING with spawnIDlocal winner            1
25110: spawnID          217  MASTER is DONE. 
25119: spawnID         217 FINISHING with spawnIDlocal winner            1
25235: spawnID          236  MASTER is DONE. 
25267: spawnID          221  MASTER is DONE. 
25272: spawnID         236 FINISHING with spawnIDlocal winner            1
25286: spawnID         221 FINISHING with spawnIDlocal winner            1
25382: spawnID          225  MASTER is DONE. 
25383: spawnID         225 FINISHING with spawnIDlocal winner            1
25439: spawnID          222  MASTER is DONE. 
25446: spawnID         222 FINISHING with spawnIDlocal winner            1
25587: spawnID          226  MASTER is DONE. 
25595: spawnID         226 FINISHING with spawnIDlocal winner            1
25645: spawnID          227  MASTER is DONE. 
25652: spawnID         227 FINISHING with spawnIDlocal winner            1
25770: spawnID          231  MASTER is DONE. 
25777: spawnID         231 FINISHING with spawnIDlocal winner            1
25832: spawnID          228  MASTER is DONE. 
25838: spawnID         228 FINISHING with spawnIDlocal winner            1
25887: spawnID          223  MASTER is DONE. 
25890: spawnID         223 FINISHING with spawnIDlocal winner            1
26085: spawnID          237  MASTER is DONE. 
26093: spawnID         237 FINISHING with spawnIDlocal winner            1
26266: spawnID          233  MASTER is DONE. 
26270: spawnID         233 FINISHING with spawnIDlocal winner            1
26345: spawnID          241  MASTER is DONE. 
26386: spawnID          240  MASTER is DONE. 
26387: spawnID         241 FINISHING with spawnIDlocal winner            1
26401: spawnID         240 FINISHING with spawnIDlocal winner            1
26486: spawnID          243  MASTER is DONE. 
26499: spawnID         243 FINISHING with spawnIDlocal winner            1
26667: spawnID          238  MASTER is DONE. 
26673: spawnID         238 FINISHING with spawnIDlocal winner            1
26837: spawnID          232  MASTER is DONE. 
26851: spawnID         232 FINISHING with spawnIDlocal winner            1
27022: spawnID          244  MASTER is DONE. 
27033: spawnID         244 FINISHING with spawnIDlocal winner            1
27192: spawnID          245  MASTER is DONE. 
27203: spawnID         245 FINISHING with spawnIDlocal winner            1
27326: spawnID          234  MASTER is DONE. 
27338: spawnID         234 FINISHING with spawnIDlocal winner            1
27410: spawnID          246  MASTER is DONE. 
27413: spawnID         246 FINISHING with spawnIDlocal winner            1
27540: spawnID          247  MASTER is DONE. 
27545: spawnID         247 FINISHING with spawnIDlocal winner            1
27670: spawnID          248  MASTER is DONE. 
27675: spawnID         248 FINISHING with spawnIDlocal winner            1
27770: spawnID          249  MASTER is DONE. 
27777: spawnID         249 FINISHING with spawnIDlocal winner            1
27871: spawnID          250  MASTER is DONE. 
27874: spawnID         250 FINISHING with spawnIDlocal winner            1
28035: spawnID          251  MASTER is DONE. 
28041: spawnID         251 FINISHING with spawnIDlocal winner            1
28589: spawnID          253  MASTER is DONE. 
28595: spawnID         253 FINISHING with spawnIDlocal winner            1
28662: spawnID          254  MASTER is DONE. 
28695: spawnID          255  MASTER is DONE. 
28703: spawnID         255 FINISHING with spawnIDlocal winner            1
28718: spawnID         254 FINISHING with spawnIDlocal winner            1
28774: spawnID          252  MASTER is DONE. 
28891: spawnID          259  MASTER is DONE. 
28893: spawnID         259 FINISHING with spawnIDlocal winner            1
28942: spawnID          258  MASTER is DONE. 
28947: spawnID         258 FINISHING with spawnIDlocal winner            1
29065: spawnID          257  MASTER is DONE. 
29072: spawnID         257 FINISHING with spawnIDlocal winner            1
29138: spawnID          260  MASTER is DONE. 
29145: spawnID         260 FINISHING with spawnIDlocal winner            1
29333: spawnID          261  MASTER is DONE. 
29339: spawnID         261 FINISHING with spawnIDlocal winner            1
29465: spawnID          264  MASTER is DONE. 
29475: spawnID         264 FINISHING with spawnIDlocal winner            1
29522: spawnID         263 FINISHING with spawnIDlocal winner            1
29525: spawnID          263  MASTER is DONE. 
29885: spawnID          267  MASTER is DONE. 
29894: spawnID         267 FINISHING with spawnIDlocal winner            1
30008: spawnID          268  MASTER is DONE. 
30013: spawnID         268 FINISHING with spawnIDlocal winner            1
30137: spawnID          269  MASTER is DONE. 
30143: spawnID         269 FINISHING with spawnIDlocal winner            1
30217: spawnID          270  MASTER is DONE. 
30223: spawnID         270 FINISHING with spawnIDlocal winner            1
30326: spawnID          271  MASTER is DONE. 
30330: spawnID         271 FINISHING with spawnIDlocal winner            1
30397: spawnID          272  MASTER is DONE. 
30399: spawnID         272 FINISHING with spawnIDlocal winner            1
30574: spawnID          274  MASTER is DONE. 
30576: spawnID         274 FINISHING with spawnIDlocal winner            1
30626: spawnID          273  MASTER is DONE. 
30630: spawnID         273 FINISHING with spawnIDlocal winner            1
30860: spawnID          275  MASTER is DONE. 
30866: spawnID         275 FINISHING with spawnIDlocal winner            1
31178: spawnID          276  MASTER is DONE. 
31183: spawnID         276 FINISHING with spawnIDlocal winner            1
31352: spawnID          277  MASTER is DONE. 
31388: spawnID          278  MASTER is DONE. 
31389: spawnID         277 FINISHING with spawnIDlocal winner            1
31404: spawnID         278 FINISHING with spawnIDlocal winner            1
31456: spawnID          297  MASTER is DONE. 
31460: spawnID         297 FINISHING with spawnIDlocal winner            1
31569: spawnID          279  MASTER is DONE. 
31570: spawnID         279 FINISHING with spawnIDlocal winner            1
31636: spawnID          280  MASTER is DONE. 
31641: spawnID         280 FINISHING with spawnIDlocal winner            1
31803: spawnID          282  MASTER is DONE. 
31807: spawnID         282 FINISHING with spawnIDlocal winner            1
32026: spawnID          283  MASTER is DONE. 
32028: spawnID         283 FINISHING with spawnIDlocal winner            1
32081: spawnID          302  MASTER is DONE. 
32087: spawnID         302 FINISHING with spawnIDlocal winner            1
32226: spawnID          284  MASTER is DONE. 
32236: spawnID         284 FINISHING with spawnIDlocal winner            1
32600: spawnID          286  MASTER is DONE. 
32603: spawnID         286 FINISHING with spawnIDlocal winner            1
32741: spawnID          287  MASTER is DONE. 
32745: spawnID         287 FINISHING with spawnIDlocal winner            1
32887: spawnID          288  MASTER is DONE. 
32889: spawnID         288 FINISHING with spawnIDlocal winner            1
32958: spawnID          289  MASTER is DONE. 
32962: spawnID         289 FINISHING with spawnIDlocal winner            1
33109: spawnID          290  MASTER is DONE. 
33125: spawnID         290 FINISHING with spawnIDlocal winner            1
33192: spawnID          291  MASTER is DONE. 
33198: spawnID         291 FINISHING with spawnIDlocal winner            1
33377: spawnID          292  MASTER is DONE. 
33378: spawnID         292 FINISHING with spawnIDlocal winner            1
33483: spawnID          296  MASTER is DONE. 
33488: spawnID         296 FINISHING with spawnIDlocal winner            1
33958: spawnID          304  MASTER is DONE. 
33972: spawnID         304 FINISHING with spawnIDlocal winner            1
34070: spawnID          295  MASTER is DONE. 
34072: spawnID         295 FINISHING with spawnIDlocal winner            1
34620: spawnID          301  MASTER is DONE. 
34622: spawnID         301 FINISHING with spawnIDlocal winner            1
34878: spawnID          312  MASTER is DONE. 
34883: spawnID         312 FINISHING with spawnIDlocal winner            1
35215: spawnID          306  MASTER is DONE. 
35217: spawnID         306 FINISHING with spawnIDlocal winner            1
35354: spawnID          307  MASTER is DONE. 
35356: spawnID         307 FINISHING with spawnIDlocal winner            1
35427: spawnID          308  MASTER is DONE. 
35432: spawnID         308 FINISHING with spawnIDlocal winner            1
35504: spawnID          314  MASTER is DONE. 
35506: spawnID         314 FINISHING with spawnIDlocal winner            1
35615: spawnID          309  MASTER is DONE. 
35619: spawnID         309 FINISHING with spawnIDlocal winner            1
35744: spawnID          310  MASTER is DONE. 
35746: spawnID         310 FINISHING with spawnIDlocal winner            1
35864: spawnID          311  MASTER is DONE. 
35866: spawnID         311 FINISHING with spawnIDlocal winner            1
36237: spawnID          316  MASTER is DONE. 
36250: spawnID         316 FINISHING with spawnIDlocal winner            1
36471: spawnID          317  MASTER is DONE. 
36472: spawnID         317 FINISHING with spawnIDlocal winner            1
36571: spawnID          318  MASTER is DONE. 
36575: spawnID         318 FINISHING with spawnIDlocal winner            1
37038: spawnID          320  MASTER is DONE. 
37040: spawnID         320 FINISHING with spawnIDlocal winner            1
37318: spawnID          325  MASTER is DONE. 
37319: spawnID         325 FINISHING with spawnIDlocal winner            1
37362: spawnID          328  MASTER is DONE. 
37363: spawnID         328 FINISHING with spawnIDlocal winner            0
